Build started 12/3/2013 10:19:08 PM.
     1>Project "C:\Users\Pascal\Documents\GitHub\498MA\WIPSA-GPS.PhoneComponent\WIPSA-GPS.PhoneComponent.vcxproj" on node 2 (Build target(s)).
     1>InitializeBuildStatus:
         Creating "ARM\Release\WIPSA-GPS.PhoneComponent.unsuccessfulbuild" because "AlwaysCreate" was specified.
       ClCompile:
         C:\Program Files (x86)\Microsoft Visual Studio 11.0\VC\WPSDK\WP80\bin\x86_arm\CL.exe /c /I"C:\Users\Pascal\Documents\GitHub\498MA\WIPSA-GPS.PhoneComponent\\" /I"Generated Files\\" /IARM\Release\ /AI"C:\Program Files (x86)\Windows Phone Kits\8.0\Windows Metadata" /Zi /ZW /ZW:nostdlib /nologo /W3 /WX- /sdl /MP /O2 /Oi /Oy- /GL /D _WINRT_DLL /D NDEBUG /D _WINDLL /D _UNICODE /D UNICODE /D WINAPI_FAMILY=WINAPI_FAMILY_PHONE_APP /Gm- /EHsc /MD /GS /Gy /fp:precise /Zc:wchar_t /Zc:forScope /Yc"pch.h" /Fp"ARM\Release\WIPSA-GPS.PhoneComponent.pch" /Fo"ARM\Release\\" /Fd"ARM\Release\vc110.pdb" /Gd /TP /FU"C:\Program Files (x86)\Microsoft Visual Studio 11.0\VC\WPSDK\WP80\lib\arm\platform.winmd" /FU"C:\Program Files (x86)\Windows Phone Kits\8.0\Windows Metadata\Windows.winmd" /analyze- /errorReport:prompt pch.cpp
         pch.cpp
         C:\Program Files (x86)\Microsoft Visual Studio 11.0\VC\WPSDK\WP80\bin\x86_arm\CL.exe /c /I"C:\Users\Pascal\Documents\GitHub\498MA\WIPSA-GPS.PhoneComponent\\" /I"Generated Files\\" /IARM\Release\ /AI"C:\Program Files (x86)\Windows Phone Kits\8.0\Windows Metadata" /Zi /ZW /ZW:nostdlib /nologo /W3 /WX- /sdl /MP /O2 /Oi /Oy- /GL /D _WINRT_DLL /D NDEBUG /D _WINDLL /D _UNICODE /D UNICODE /D WINAPI_FAMILY=WINAPI_FAMILY_PHONE_APP /Gm- /EHsc /MD /GS /Gy /fp:precise /Zc:wchar_t /Zc:forScope /Yu"pch.h" /Fp"ARM\Release\WIPSA-GPS.PhoneComponent.pch" /Fo"ARM\Release\\" /Fd"ARM\Release\vc110.pdb" /Gd /TP /FU"C:\Program Files (x86)\Microsoft Visual Studio 11.0\VC\WPSDK\WP80\lib\arm\platform.winmd" /FU"C:\Program Files (x86)\Windows Phone Kits\8.0\Windows Metadata\Windows.winmd" /analyze- /errorReport:prompt "WIPSA-GPS.PhoneComponent.cpp"
         WIPSA-GPS.PhoneComponent.cpp
       Link:
         C:\Program Files (x86)\Microsoft Visual Studio 11.0\VC\WPSDK\WP80\bin\x86_arm\link.exe /ERRORREPORT:PROMPT /OUT:"C:\Users\Pascal\Documents\GitHub\498MA\ARM\Release\WIPSA-GPS.PhoneComponent\WIPSA-GPS.PhoneComponent.dll" /NOLOGO WindowsPhoneCore.lib RuntimeObject.lib PhoneAppModelHost.lib /NODEFAULTLIB:ole32.lib /MANIFEST:NO /DEBUG /PDB:"C:\Users\Pascal\Documents\GitHub\498MA\ARM\Release\WIPSA-GPS.PhoneComponent\WIPSA-GPS.PhoneComponent.pdb" /SUBSYSTEM:CONSOLE /OPT:REF /OPT:ICF /LTCG /TLBID:1 /WINMD /WINMDFILE:"C:\Users\Pascal\Documents\GitHub\498MA\ARM\Release\WIPSA-GPS.PhoneComponent\WIPSA_GPS_PhoneComponent.winmd" /DYNAMICBASE /NXCOMPAT /MACHINE:ARM /DLL "ARM\Release\WIPSA-GPS.PhoneComponent.obj"
         ARM\Release\pch.obj
            Creating library C:\Users\Pascal\Documents\GitHub\498MA\ARM\Release\WIPSA-GPS.PhoneComponent\WIPSA-GPS.PhoneComponent.lib and object C:\Users\Pascal\Documents\GitHub\498MA\ARM\Release\WIPSA-GPS.PhoneComponent\WIPSA-GPS.PhoneComponent.exp
         Generating code
         Finished generating code
         WIPSA-GPS.PhoneComponent.vcxproj -> C:\Users\Pascal\Documents\GitHub\498MA\ARM\Release\WIPSA-GPS.PhoneComponent\WIPSA-GPS.PhoneComponent.dll
       FinalizeBuildStatus:
         Deleting file "ARM\Release\WIPSA-GPS.PhoneComponent.unsuccessfulbuild".
         Touching "ARM\Release\WIPSA-GPS.PhoneComponent.lastbuildstate".
     1>Done Building Project "C:\Users\Pascal\Documents\GitHub\498MA\WIPSA-GPS.PhoneComponent\WIPSA-GPS.PhoneComponent.vcxproj" (Build target(s)).

Build succeeded.

Time Elapsed 00:00:04.31
