Build started 10/18/2013 4:57:58 AM.
     1>Project "C:\Users\Pascal\Documents\GitHub\498MA\WIPSA-GPS.PhoneComponent\WIPSA-GPS.PhoneComponent.vcxproj" on node 2 (Build target(s)).
     1>InitializeBuildStatus:
         Creating "Debug\WIPSA-GPS.PhoneComponent.unsuccessfulbuild" because "AlwaysCreate" was specified.
       ClCompile:
         C:\Program Files (x86)\Microsoft Visual Studio 11.0\VC\WPSDK\WP80\bin\CL.exe /c /I"C:\Users\Pascal\Documents\GitHub\498MA\WIPSA-GPS.PhoneComponent\\" /I"Generated Files\\" /IDebug\ /AI"C:\Program Files (x86)\Windows Phone Kits\8.0\Windows Metadata" /ZI /ZW /ZW:nostdlib /nologo /W3 /WX- /sdl /MP /Od /Oy- /D _WINRT_DLL /D _WINDLL /D _UNICODE /D UNICODE /D _DEBUG /D WINAPI_FAMILY=WINAPI_FAMILY_PHONE_APP /Gm- /EHsc /RTC1 /MDd /GS /fp:precise /Zc:wchar_t /Zc:forScope /Yc"pch.h" /Fp"Debug\WIPSA-GPS.PhoneComponent.pch" /Fo"Debug\\" /Fd"Debug\vc110.pdb" /Gd /TP /FU"C:\Program Files (x86)\Microsoft Visual Studio 11.0\VC\WPSDK\WP80\lib\platform.winmd" /FU"C:\Program Files (x86)\Windows Phone Kits\8.0\Windows Metadata\Windows.winmd" /analyze- /errorReport:prompt pch.cpp
         pch.cpp
         C:\Program Files (x86)\Microsoft Visual Studio 11.0\VC\WPSDK\WP80\bin\CL.exe /c /I"C:\Users\Pascal\Documents\GitHub\498MA\WIPSA-GPS.PhoneComponent\\" /I"Generated Files\\" /IDebug\ /AI"C:\Program Files (x86)\Windows Phone Kits\8.0\Windows Metadata" /ZI /ZW /ZW:nostdlib /nologo /W3 /WX- /sdl /MP /Od /Oy- /D _WINRT_DLL /D _WINDLL /D _UNICODE /D UNICODE /D _DEBUG /D WINAPI_FAMILY=WINAPI_FAMILY_PHONE_APP /Gm- /EHsc /RTC1 /MDd /GS /fp:precise /Zc:wchar_t /Zc:forScope /Yu"pch.h" /Fp"Debug\WIPSA-GPS.PhoneComponent.pch" /Fo"Debug\\" /Fd"Debug\vc110.pdb" /Gd /TP /FU"C:\Program Files (x86)\Microsoft Visual Studio 11.0\VC\WPSDK\WP80\lib\platform.winmd" /FU"C:\Program Files (x86)\Windows Phone Kits\8.0\Windows Metadata\Windows.winmd" /analyze- /errorReport:prompt "WIPSA-GPS.PhoneComponent.cpp"
         WIPSA-GPS.PhoneComponent.cpp
       Link:
         C:\Program Files (x86)\Microsoft Visual Studio 11.0\VC\WPSDK\WP80\bin\link.exe /ERRORREPORT:PROMPT /OUT:"C:\Users\Pascal\Documents\GitHub\498MA\Debug\WIPSA-GPS.PhoneComponent\WIPSA-GPS.PhoneComponent.dll" /INCREMENTAL /NOLOGO WindowsPhoneCore.lib RuntimeObject.lib PhoneAppModelHost.lib /NODEFAULTLIB:ole32.lib /MANIFEST:NO /DEBUG /PDB:"C:\Users\Pascal\Documents\GitHub\498MA\Debug\WIPSA-GPS.PhoneComponent\WIPSA-GPS.PhoneComponent.pdb" /SUBSYSTEM:CONSOLE /TLBID:1 /WINMD /WINMDFILE:"C:\Users\Pascal\Documents\GitHub\498MA\Debug\WIPSA-GPS.PhoneComponent\WIPSA_GPS_PhoneComponent.winmd" /DYNAMICBASE /NXCOMPAT /MACHINE:X86 /DLL "Debug\WIPSA-GPS.PhoneComponent.obj"
         Debug\pch.obj
            Creating library C:\Users\Pascal\Documents\GitHub\498MA\Debug\WIPSA-GPS.PhoneComponent\WIPSA-GPS.PhoneComponent.lib and object C:\Users\Pascal\Documents\GitHub\498MA\Debug\WIPSA-GPS.PhoneComponent\WIPSA-GPS.PhoneComponent.exp
         WIPSA-GPS.PhoneComponent.vcxproj -> C:\Users\Pascal\Documents\GitHub\498MA\Debug\WIPSA-GPS.PhoneComponent\WIPSA-GPS.PhoneComponent.dll
       FinalizeBuildStatus:
         Deleting file "Debug\WIPSA-GPS.PhoneComponent.unsuccessfulbuild".
         Touching "Debug\WIPSA-GPS.PhoneComponent.lastbuildstate".
     1>Done Building Project "C:\Users\Pascal\Documents\GitHub\498MA\WIPSA-GPS.PhoneComponent\WIPSA-GPS.PhoneComponent.vcxproj" (Build target(s)).

Build succeeded.

Time Elapsed 00:00:08.54
